[02-Apr-2018 12:29:59 Europe/London] PHP Fatal error:  Uncaught Error: Class 'NonceShield\Nonce' not found in /home/standard/projects/nonce-shield/examples/ajax/get-token.php:8
Stack trace:
#0 {main}
  thrown in /home/standard/projects/nonce-shield/examples/ajax/get-token.php on line 8
[02-Apr-2018 12:30:00 Europe/London] PHP Fatal error:  Uncaught Error: Class 'NonceShield\Nonce' not found in /home/standard/projects/nonce-shield/examples/ajax/get-token.php:8
Stack trace:
#0 {main}
  thrown in /home/standard/projects/nonce-shield/examples/ajax/get-token.php on line 8
[02-Apr-2018 12:30:01 Europe/London] PHP Fatal error:  Uncaught Error: Class 'NonceShield\Nonce' not found in /home/standard/projects/nonce-shield/examples/ajax/get-token.php:8
Stack trace:
#0 {main}
  thrown in /home/standard/projects/nonce-shield/examples/ajax/get-token.php on line 8
[02-Apr-2018 12:30:01 Europe/London] PHP Fatal error:  Uncaught Error: Class 'NonceShield\Nonce' not found in /home/standard/projects/nonce-shield/examples/ajax/post-token.php:8
Stack trace:
#0 {main}
  thrown in /home/standard/projects/nonce-shield/examples/ajax/post-token.php on line 8
[02-Apr-2018 12:30:02 Europe/London] PHP Fatal error:  Uncaught Error: Class 'NonceShield\Nonce' not found in /home/standard/projects/nonce-shield/examples/ajax/get-token.php:8
Stack trace:
#0 {main}
  thrown in /home/standard/projects/nonce-shield/examples/ajax/get-token.php on line 8
[02-Apr-2018 12:30:02 Europe/London] PHP Fatal error:  Uncaught Error: Class 'NonceShield\Nonce' not found in /home/standard/projects/nonce-shield/examples/ajax/post-token.php:8
Stack trace:
#0 {main}
  thrown in /home/standard/projects/nonce-shield/examples/ajax/post-token.php on line 8
